C51 COMPILER V9.60.0.0   F0_M4                                                             03/30/2021 16:43:39 PAGE 1   


C51 COMPILER V9.60.0.0, COMPILATION OF MODULE F0_M4
OBJECT MODULE PLACED IN .\Objects\F0_M4.obj
COMPILER INVOKED BY: C:\Keil_v5\C51\BIN\C51.EXE F0_M4.C LARGE OPTIMIZE(8,SPEED) BROWSE DEBUG OBJECTEXTEND PRINT(.\Listin
                    -gs\F0_M4.lst) TABS(2) OBJECT(.\Objects\F0_M4.obj)

line level    source

   1          //-----------------------------------------------------------------------------
   2          // FO-M4_Main.c
   3          //-----------------------------------------------------------------------------
   4          // AUTH: 
   5          // DATE: 
   6          //
   7          // Target: C8051F02x
   8          // Tool chain: KEIL Microvision 4
   9          //
  10          //-----------------------------------------------------------------------------
  11          #include <C8051F020.h>
  12          #include <c8051F020_SFR16.h>
  13          #include <FO-M4_Lib_Config_Globale_8051F020.h>
*** WARNING C323 IN LINE 14 OF FO-M4_Lib_Config_Globale_8051F020.h: newline expected, extra characters found
  14          #include <FO-M4_Lib_Divers.h>
*** WARNING C323 IN LINE 14 OF FO-M4_Lib_Divers.h: newline expected, extra characters found
  15          
  16          // Prototypes de Fonctions
  17          
  18          
  19          unsigned int MES_Dist_AV (void) {
  20   1        ret = 0;
*** ERROR C202 IN LINE 20 OF F0_M4.C: 'ret': undefined identifier
  21   1        T2 = 65536 - 19;
  22   1        ENVOI_AV = 1;
*** ERROR C202 IN LINE 22 OF F0_M4.C: 'ENVOI_AV': undefined identifier
  23   1        TR2 = 1;
  24   1        while (!ECHO_AV){}
*** ERROR C202 IN LINE 24 OF F0_M4.C: 'ECHO_AV': undefined identifier
  25   1        TR2 = 1;
  26   1        while (ECHO_AV && !ret){}
*** ERROR C202 IN LINE 26 OF F0_M4.C: 'ECHO_AV': undefined identifier
  27   1        TR2 = 0;
  28   1        if (ret){ // Si on a overload
*** ERROR C202 IN LINE 28 OF F0_M4.C: 'ret': undefined identifier
  29   2          return 0;
  30   2        }
  31   1        else{ // On a pas Overload
  32   2          return(((float)T2*9.362/1000)-200);
  33   2        }
  34   1      }
  35          
  36          unsigned int MES_Dist_AR (void) {
  37   1        ret = 0;
*** ERROR C202 IN LINE 37 OF F0_M4.C: 'ret': undefined identifier
  38   1        T2 = 65536 - 19;
  39   1        ENVOI_AR = 1;
*** ERROR C202 IN LINE 39 OF F0_M4.C: 'ENVOI_AR': undefined identifier
  40   1        TR2 = 1;
  41   1        while (!ECHO_AR && !ret){}
*** ERROR C202 IN LINE 41 OF F0_M4.C: 'ECHO_AR': undefined identifier
  42   1        TR2 = 0;
  43   1        if (ret){
*** ERROR C202 IN LINE 43 OF F0_M4.C: 'ret': undefined identifier
C51 COMPILER V9.60.0.0   F0_M4                                                             03/30/2021 16:43:39 PAGE 2   

  44   2          return 0;
  45   2        }
  46   1        else{ // On a pas Overload
  47   2          return(((float)T2*9.362/1000)-200);
  48   2        }
  49   1      }

C51 COMPILATION COMPLETE.  2 WARNING(S),  9 ERROR(S)
