C51 COMPILER V9.60.0.0   M3                                                                03/30/2021 15:52:58 PAGE 1   


C51 COMPILER V9.60.0.0, COMPILATION OF MODULE M3
OBJECT MODULE PLACED IN .\Objects\M3.obj
COMPILER INVOKED BY: C:\Keil_v5\C51\BIN\C51.EXE M3.c LARGE OPTIMIZE(8,SPEED) BROWSE DEBUG OBJECTEXTEND PRINT(.\Listings\
                    -M3.lst) TABS(2) OBJECT(.\Objects\M3.obj)

line level    source

   1          //-----------------------------------------------------------------------------
   2          // M3.c
   3          //-----------------------------------------------------------------------------
   4          // AUTH: Lecourt-Capdeville 
   5          // DATE: 02/03/2021
   6          //
   7          // Target: C8051F02x
   8          // Tool chain: KEIL Microvision 4
   9          //
  10          //-----------------------------------------------------------------------------
  11          // Declarations Registres et Bits de l'espace SFR
  12          #include <C8051F020.h>
  13          #include "c8051F020_SFR16.h"
  14          #include "M3_Lib_Config_Globale_8051F020.h"
  15          
  16          //Variables globales
  17          long int AngleAVise;
  18          char Angle_actuel;
  19          sbit Commande_H = P1^1;
  20          char temps;
  21          char tempAngle;
  22          unsigned char tempTemps;
  23          
  24          // Prototypes de Fonctions
  25          unsigned char CDE_Servo_H (char Angle); // H comme plan Horizontal 
  26          
  27          
  28          //-----------------------------------------------------------------------------
  29          // MAIN Routine
  30          //----------------------------------------------------------------------------- 
  31          void main (void) {
  32   1        
  33   1          AngleAVise = 2762;
  34   1          Angle_actuel = 0;
  35   1          Init_Device();  // Appel des configurations globales
  36   1          Int_Init();
*** WARNING C206 IN LINE 36 OF M3.c: 'Int_Init': missing function-prototype
  37   1          Timers_Init();
*** WARNING C206 IN LINE 37 OF M3.c: 'Timers_Init': missing function-prototype
  38   1          tempAngle = 45;
  39   1          tempTemps = CDE_Servo_H(tempAngle);
  40   1          while(1){}
  41   1      }
  42          unsigned char CDE_Servo_H (char Angle){
  43   1        AngleAVise = 10*Angle;
  44   1        AngleAVise = AngleAVise + 1500;
  45   1        AngleAVise = AngleAVise*1000;
  46   1        AngleAVise = AngleAVise/543;
  47   1        if (Angle-Angle_actuel > 0){
  48   2         temps = (Angle-Angle_actuel)*23/60;
  49   2        }
  50   1        else{
  51   2         temps = (Angle_actuel-Angle)*23/60;
  52   2        }
C51 COMPILER V9.60.0.0   M3                                                                03/30/2021 15:52:58 PAGE 2   

  53   1        Angle_actuel = Angle;
  54   1        return temps;
  55   1      } 


MODULE INFORMATION:   STATIC OVERLAYABLE
   CODE SIZE        =    255    ----
   CONSTANT SIZE    =   ----    ----
   XDATA SIZE       =      8       1
   PDATA SIZE       =   ----    ----
   DATA SIZE        =   ----    ----
   IDATA SIZE       =   ----    ----
   BIT SIZE         =   ----    ----
END OF MODULE INFORMATION.


C51 COMPILATION COMPLETE.  2 WARNING(S),  0 ERROR(S)
