C51 COMPILER V9.60.0.0   FO_M4_LIB_DIVERS                                                  03/30/2021 16:03:44 PAGE 1   


C51 COMPILER V9.60.0.0, COMPILATION OF MODULE FO_M4_LIB_DIVERS
OBJECT MODULE PLACED IN .\Objects\FO-M4_Lib_Divers.obj
COMPILER INVOKED BY: C:\Keil_v5\C51\BIN\C51.EXE FO-M4_Lib_Divers.C OPTIMIZE(8,SPEED) BROWSE DEBUG OBJECTEXTEND PRINT(.\L
                    -istings\FO-M4_Lib_Divers.lst) TABS(2) OBJECT(.\Objects\FO-M4_Lib_Divers.obj)

line level    source

   1          /******************************************************************************
   2          ;   FILE NAME   : FO-M4_Lib_Divers.C
   3          ;   TARGET MCUs : C8051F020, 
   4          ;   DESCRIPTION : Fonctions diverses mises à disposition
   5          ;
   6          ;   REVISION 1.0
   7          ;   Ce fichier contient diverses fonctions susceptibles de vous faire gagner 
   8          ;   un peu de temps
   9          */
  10          //******************************************************************************
  11          
  12          #include "C8051F020.h"
  13          #include <c8051F020_SFR16.h>
  14          #include <FO-M4_Lib_Divers.h>
*** WARNING C323 IN LINE 14 OF FO-M4_Lib_Divers.h: newline expected, extra characters found
  15          
  16          //*****************************************************************************  
  17          //*****************************************************************************  
  18          // Software_Delay_1ms -- Temporisation superieur a 1ms
  19          //  Pour SYSCLK = 2 MHz
  20          //  A vérifiée
  21          void Delay_Oscillator(void)
  22             { 
  23   1         unsigned int i;
  24   1         for(i=0;i<200;i++){}
  25   1         }
  26          //*****************************************************************************  
  27          //*****************************************************************************  
  28          // Software_Delay_10ms -- Temporisation 10ms
  29          //  Pour SYSCLK = 2 MHz
  30          //  Vérifiée en  simulation
  31          void Software_Delay_10ms(void)
  32             { 
  33   1         unsigned int i;
  34   1         for(i=0;i<998;i++){}
  35   1         }
  36          //*****************************************************************************  
  37          //*****************************************************************************  
  38          // Software_Delay -- Temporisation paramétrable
  39          //      Pour SYSCLK = 2 MHz
  40          //      Vérifiée en  simulation
  41          //      L'argument passé en exprimé en centièmes de seconde (dans l'hypothèse 
  42          //      où SYSCLK = 2MHz)
  43             
  44           void Software_Delay(unsigned int hundredth_second)
  45             { 
  46   1         unsigned int i;
  47   1         
  48   1         for(i=0;i<hundredth_second;i++)
  49   1            { 
  50   2            Software_Delay_10ms();
  51   2            }
  52   1         }
  53          
C51 COMPILER V9.60.0.0   FO_M4_LIB_DIVERS                                                  03/30/2021 16:03:44 PAGE 2   

  54          


MODULE INFORMATION:   STATIC OVERLAYABLE
   CODE SIZE        =     55    ----
   CONSTANT SIZE    =   ----    ----
   XDATA SIZE       =   ----    ----
   PDATA SIZE       =   ----    ----
   DATA SIZE        =   ----    ----
   IDATA SIZE       =   ----    ----
   BIT SIZE         =   ----    ----
END OF MODULE INFORMATION.


C51 COMPILATION COMPLETE.  1 WARNING(S),  0 ERROR(S)
