C51 COMPILER V9.60.0.0   TP3_LIB_CONFIG_GLOBALE_8051F020                                   12/09/2020 12:31:09 PAGE 1   


C51 COMPILER V9.60.0.0, COMPILATION OF MODULE TP3_LIB_CONFIG_GLOBALE_8051F020
OBJECT MODULE PLACED IN .\Objects\TP3_Lib_Config_Globale_8051F020.obj
COMPILER INVOKED BY: C:\Keil_v5\C51\BIN\C51.EXE TP3_Lib_Config_Globale_8051F020.c OPTIMIZE(8,SPEED) BROWSE DEBUG OBJECTE
                    -XTEND PRINT(.\Listings\TP3_Lib_Config_Globale_8051F020.lst) TABS(2) OBJECT(.\Objects\TP3_Lib_Config_Globale_8051F020.obj
                    -)

line level    source

   1          /******************************************************************************
   2          ;   FILE NAME   : TP3_Lib_Config_Globale_8051F020.C
   3          ;   TARGET MCUs : C8051F020, 
   4          ;   DESCRIPTION : Configurations GLOBALES pour le 8051F020
   5          ;
   6          ;   REVISION 1.0
   7          ;   Ce fichier contient les codes de configuration globale du 8051F020
   8          ;     - Configuration de l'horloge système SYSCLK
   9          ;     - Configuration des broches du 80851F020
  10          ;     - Configuration Reset et watchdog
  11          */
  12          //******************************************************************************
  13          
  14          #include "C8051F020.h"
  15          #include <c8051F020_SFR16.h>
  16          #include <TP3_Lib_Divers.h>
  17          
  18          // Peripheral specific initialization functions,
  19          // Called from the Init_Device() function
  20          
  21          //-----------------------------------------------------------------------------
  22          // Dévalidation du watchdog
  23          //-----------------------------------------------------------------------------
  24          void Reset_Sources_Init()
  25          {
  26   1      // Début Insertion Code configuration Reset et watchdog ***********************
  27   1        
  28   1         //P.131 pour WDTCN
  29   1         WDTCN = 0xDE; //Desactivation du WatchDog en deux etapes
  30   1         WDTCN = 0XAD;
  31   1        
  32   1      // Fin Insertion Code configuration Reset et watchdog *************************
  33   1        
  34   1      // Début Insertion Code configuration Reset et watchdog ***********************
  35   1        
  36   1        //P.132 pour RSTSRC et P.163 pour le CROSSBAR
  37   1        RSTSRC = (1<<6); //Activation du port I/0 "CNVSTR" qui permet un reset avec un etat bas
  38   1        
  39   1      // Fin Insertion Code configuration Reset et watchdog *************************
  40   1      }
  41          
  42          //-----------------------------------------------------------------------------
  43          // Configuration des Ports d'entrée-sorties
  44          //-----------------------------------------------------------------------------
  45          
  46          void Port_IO_Init()
  47          {
  48   1          // P0.0  -  Tx0, Push-Pull, Digital
  49   1          // P0.1  -  Rx0, Open-Drain (force), Digital
  50   1          // P0.2  -  T2EX (SIG_IN), Open-Drain, Digital
  51   1          // P0.3  -  /SYSCLK, Push-Pull, Digital
  52   1          // P0.4  -  CNVSTR,  Open-Drain, Digital
  53   1          // P0.5  -  Unassigned,  Open-Drain, Digital
C51 COMPILER V9.60.0.0   TP3_LIB_CONFIG_GLOBALE_8051F020                                   12/09/2020 12:31:09 PAGE 2   

  54   1          // P0.6  -  Unassigned,  Open-Drain, Digital
  55   1          // P0.7  -  Unassigned,  Open-Drain, Digital
  56   1      
  57   1          // P1.0  -  Unassigned,  Open-Drain, Digital
  58   1          // P1.1  -  Unassigned,  Open-Drain, Digital
  59   1          // P1.2  -  Unassigned,  Open-Drain, Digital
  60   1          // P1.3  -  Unassigned,  Open-Drain, Digital
  61   1          // P1.4  -  Unassigned,  Open-Drain, Digital
  62   1          // P1.5  -  Unassigned,  Open-Drain, Digital
  63   1          // P1.6  -  LED       ,  Open-Drain, Digital
  64   1          // P1.7  -  Unassigned,  Open-Drain, Digital
  65   1      
  66   1          // P2.0  -  Unassigned,  Open-Drain, Digital
  67   1          // P2.1  -  Unassigned,  Open-Drain, Digital
  68   1          // P2.2  -  Unassigned,  Open-Drain, Digital
  69   1          // P2.3  -  Unassigned,  Open-Drain, Digital
  70   1          // P2.4  -  Unassigned,  Open-Drain, Digital
  71   1          // P2.5  -  Unassigned,  Open-Drain, Digital
  72   1          // P2.6  -  Unassigned,  Open-Drain, Digital
  73   1          // P2.7  -  Unassigned,  Open-Drain, Digital
  74   1      
  75   1          // P3.0  -  Unassigned,  Open-Drain, Digital
  76   1          // P3.1  -  Unassigned,  Open-Drain, Digital
  77   1          // P3.2  -  Unassigned,  Open-Drain, Digital
  78   1          // P3.3  -  Unassigned,  Open-Drain, Digital
  79   1          // P3.4  -  Unassigned,  Open-Drain, Digital
  80   1          // P3.5  -  SIG_OUT,  Push-Pull, Digital
  81   1          // P3.6  -  Unassigned,  Open-Drain, Digital Input INT6
  82   1          // P3.7  -  BP        ,  Open-Drain, Digital Input INT7
  83   1          
  84   1          // P4.0 to P7.7   Unassigned,  Open-Drain, Digital
  85   1          
  86   1      // Début Insertion Code configuration Crossbar************************    
  87   1      
  88   1         //P.170 pour XBR0
  89   1         XBR0 |= 0x04; //Activation des ports I/O pour l'UART0 : Tx0 et Rx0
  90   1         
  91   1         //P.171 pour XBR1
  92   1         XBR1 |= 0xC0;//Actviation du port I/O : /SYSCLK qui est l'inverse de la clock utilse
  93   1                      //ACtivation du port I/O : T2EX qui va etre utilse pour SIG_IN. On va aisni retrouver la periode d
             -ans les regsitre de capture (Timer 2 a parametre)
  94   1         
  95   1         //P.172 pour XBR2
  96   1         XBR2 |= 0x41;//Activation du CROSSBAR
  97   1                      //Activation du port I/O : CNVSTR, qui va servir de reset
  98   1      
  99   1      // Fin Insertion Code configuration Crossbar**************************
 100   1      
 101   1      // Début Insertion Code configuration GPIO ************************
 102   1         
 103   1         //P.173 pour P0MDOUT
 104   1         P0MDOUT |= 0x1F; //P0.0 en Push-Pull (Sortie) : Tx0
 105   1                          //P0.1 en Open-Drain (Sortie) : Rx0 (force a Open-Drain meme en sortie)
 106   1                          //P0.2 en Push-Pull (Sortie) : T2EX (SIG_IN)
 107   1                          //P0.3 en Push-Pull (Sortie) : /SYSCLK
 108   1                          //P0.4 en Push-Pull (Sortie) : CNVSTR
 109   1         
 110   1         //P.175 pour P1MDOUT
 111   1         P1MDOUT |= 0x40; //P1.6 en Push-Pull (sortie) : LED
 112   1         
 113   1         //P.176 pour P3MDOUT
 114   1         P3MDOUT |= (1<<5); //P3.5 en Push-Pull (sortie) : SIG_OUT
C51 COMPILER V9.60.0.0   TP3_LIB_CONFIG_GLOBALE_8051F020                                   12/09/2020 12:31:09 PAGE 3   

 115   1         
 116   1         //P.179 pour P74OUT
 117   1         P74OUT |= (1<<7); //P7.4 avec le flag interrupt 4
 118   1           
 119   1      // Fin Insertion Code configuration GPIO **************************
 120   1      
 121   1      }
 122          
 123          //-----------------------------------------------------------------------------
 124          // Configuration de l'oscillateur - SYSCLK = ??Hz 
 125          //-----------------------------------------------------------------------------
 126          void Oscillator_Init()
 127          {
 128   1      // Début Insertion Code configuration SYSCLK **********************************
 129   1        
 130   1         //P.137 pour OSCXCN
 131   1         OSCXCN = 0x67;//Mise a zero de "XTLVLD" car le crystal n'est pas encore pret
 132   1                       //Activation du mode oscillateur : 110
 133   1                       //Reglage de la frequence superieur a 6.7 Mhz (22.1184 MHz) : 111
 134   1        
 135   1         Delay_Oscillator();// Attente superieur a 1ms (mais pas trop long) pour laisser le crystat s'initialiser
 136   1        
 137   1         while ((OSCXCN & (1<<7)) != (1<<7)) { //Tant que "XTLVLD" n'est pas a 1 on boucle car le crystal n'est p
             -as pret
 138   2         }
 139   1      
 140   1         //P.136 pour OSCICN
 141   1         OSCICN |= 0x08;//Changement de SYSCLK pour le crystal, la CLK interne est desactive par le systeme
 142   1        
 143   1      // Fin Insertion Code configuration SYSCLK ************************************
 144   1      }
 145          
 146          //-----------------------------------------------------------------------------
 147          // Initialisation globale du Microcontrôleur - 
 148          //-----------------------------------------------------------------------------
 149          void Init_Device(void)
 150          {
 151   1          Reset_Sources_Init();
 152   1          Port_IO_Init();
 153   1          Oscillator_Init();
 154   1      }


MODULE INFORMATION:   STATIC OVERLAYABLE
   CODE SIZE        =     59    ----
   CONSTANT SIZE    =   ----    ----
   XDATA SIZE       =   ----    ----
   PDATA SIZE       =   ----    ----
   DATA SIZE        =   ----    ----
   IDATA SIZE       =   ----    ----
   BIT SIZE         =   ----    ----
END OF MODULE INFORMATION.


C51 COMPILATION COMPLETE.  0 WARNING(S),  0 ERROR(S)
