C51 COMPILER V9.59.0.0   MASTER_CONFIG_GLOBALE                                             03/30/2021 11:31:06 PAGE 1   


C51 COMPILER V9.59.0.0, COMPILATION OF MODULE MASTER_CONFIG_GLOBALE
OBJECT MODULE PLACED IN .\Objects\MASTER_Config_Globale.obj
COMPILER INVOKED BY: C:\Keil_v5\C51\BIN\C51.EXE MASTER_Config_Globale.c LARGE OPTIMIZE(8,SPEED) BROWSE DEBUG OBJECTEXTEN
                    -D PRINT(.\Listings\MASTER_Config_Globale.lst) TABS(2) OBJECT(.\Objects\MASTER_Config_Globale.obj)

line level    source

   1          //-----------------------------------------------------------------------------
   2          // MASTER_Config_Globale.c
   3          //
   4          //Gestion des trames de commandes et d'informations
   5          //Réception sur l'UART des commandes et stockage dans un tableau binaire
   6          //Lecture dans un tableau des informations et envoie par l'UART
   7          //-----------------------------------------------------------------------------
   8          
   9          #include <C8051F020.h>
  10          #include "c8051F020_SFR16.h"
  11          
  12          //-----------------------------------------------------------------------------
  13          // Initialisation clock du Microcontrôleur (sysclock à 22MHz)
  14          //-----------------------------------------------------------------------------
  15          void Oscillator_init(void){
  16   1        int i = 0;
  17   1        OSCXCN    = 0x67;  // Config de l'horloge externe - Quartz > 6,7 MHz
  18   1        for (i = 0; i < 3000; i++);  // attente stabilisation Fosc quartz  
  19   1        while ((OSCXCN & 0x80) == 0); // validation stabilité du quartz
  20   1        OSCICN    = 0x0C;  // Commutation sur oscillateur externe
  21   1      }
  22          //-----------------------------------------------------------------------------
  23          // Initialisation Ports I/O du Microcontrôleur
  24          //-----------------------------------------------------------------------------
  25          void Port_IO_init(void){
  26   1        
  27   1        XBR0 = (1<<2);
  28   1        XBR2 = (1<<6);
  29   1        
  30   1      }
  31          //-----------------------------------------------------------------------------
  32          // Initialisation Sources de reset du Microcontrôleur
  33          //-----------------------------------------------------------------------------
  34          
  35          void Reset_Sources_init(void){
  36   1        //Watchdog
  37   1        WDTCN = 0xDE;
  38   1        WDTCN = 0XAD;
  39   1        
  40   1        //Autres
  41   1      } 
  42          
  43          //-----------------------------------------------------------------------------
  44          // Initialisation globale du Microcontrôleur
  45          //-----------------------------------------------------------------------------
  46          void Init_Device(void)
  47          {
  48   1        Oscillator_init();
  49   1        Port_IO_init();
  50   1        Reset_Sources_init();
  51   1      }


MODULE INFORMATION:   STATIC OVERLAYABLE
C51 COMPILER V9.59.0.0   MASTER_CONFIG_GLOBALE                                             03/30/2021 11:31:06 PAGE 2   

   CODE SIZE        =     50    ----
   CONSTANT SIZE    =   ----    ----
   XDATA SIZE       =   ----    ----
   PDATA SIZE       =   ----    ----
   DATA SIZE        =   ----    ----
   IDATA SIZE       =   ----    ----
   BIT SIZE         =   ----    ----
END OF MODULE INFORMATION.


C51 COMPILATION COMPLETE.  0 WARNING(S),  0 ERROR(S)
